<?xml version="1.0" encoding="UTF-8"?>
<!-- Generated by org.testng.reporters.JUnitXMLReporter -->
<testsuite ignored="0" hostname="KNPC13" failures="1" tests="10" name="Flipkart Automation Test Cases" time="112.676" errors="0" timestamp="21 Mar 2021 16:42:40 GMT">
  <testcase classname="com.flipkart.testcases.GoogleSearchTest" name="VerifyGoogleSearch" time="0.159"/>
  <testcase classname="com.flipkart.testcases.GoogleSearchTest" name="searchFlipkart" time="0.251"/>
  <testcase classname="com.flipkart.testcases.GoogleSearchTest" name="PrintSearchOptionsAndSubmitSearch" time="9.323"/>
  <testcase classname="com.flipkart.testcases.GoogleSearchTest" name="verifyTitleAfterFlipkartSearch" time="0.08"/>
  <testcase classname="com.flipkart.testcases.GoogleSearchTest" name="clickOnFlipkartLink" time="3.077"/>
  <testcase classname="com.flipkart.testcases.FlipkartTest" name="CloseLoginPopup" time="2.439"/>
  <testcase classname="com.flipkart.testcases.FlipkartTest" name="goToWindowsAc" time="0.725"/>
  <testcase classname="com.flipkart.testcases.FlipkartTest" name="CompareSelectedItem" time="33.372"/>
  <testcase classname="com.flipkart.testcases.AddToCartTest" name="VerifyAddToCart" time="42.898"/>
  <testcase classname="com.flipkart.testcases.MyCartTest" name="VerifyPincode" time="20.245">
    <failure type="org.openqa.selenium.NoSuchElementException" message="no such element: Unable to locate element: {&amp;quot;method&amp;quot;:&amp;quot;xpath&amp;quot;,&amp;quot;selector&amp;quot;:&amp;quot;//input[@placeholder=&amp;apos;Enter delivery pincode&amp;apos;]&amp;quot;}
  (Session info: chrome=89.0.4389.90)
For documentation on this error, please visit: https://www.seleniumhq.org/exceptions/no_such_element.html
Build info: version: &amp;apos;3.141.59&amp;apos;, revision: &amp;apos;e82be7d358&amp;apos;, time: &amp;apos;2018-11-14T08:17:03&amp;apos;
System info: host: &amp;apos;KNPC13&amp;apos;, ip: &amp;apos;192.168.42.206&amp;apos;, os.name: &amp;apos;Windows 10&amp;apos;, os.arch: &amp;apos;amd64&amp;apos;, os.version: &amp;apos;10.0&amp;apos;, java.version: &amp;apos;15.0.2&amp;apos;
Driver info: org.openqa.selenium.chrome.ChromeDriver
Capabilities {acceptInsecureCerts: false, browserName: chrome, browserVersion: 89.0.4389.90, chrome: {chromedriverVersion: 88.0.4324.96 (68dba2d8a0b14..., userDataDir: C:\Users\WFH\AppData\Local\...}, goog:chromeOptions: {debuggerAddress: localhost:59080}, javascriptEnabled: true, networkConnectionEnabled: false, pageLoadStrategy: normal, platform: WINDOWS, platformName: WINDOWS, proxy: Proxy(), setWindowRect: true, strictFileInteractability: false, timeouts: {implicit: 0, pageLoad: 300000, script: 30000}, unhandledPromptBehavior: dismiss and notify, webauthn:extension:largeBlob: true, webauthn:virtualAuthenticators: true}
Session ID: 97c3d78c6ace653b8b9d7694af797630
*** Element info: {Using=xpath, value=//input[@placeholder=&amp;apos;Enter delivery pincode&amp;apos;]}">
      <![CDATA[org.openqa.selenium.NoSuchElementException: no such element: Unable to locate element: {"method":"xpath","selector":"//input[@placeholder='Enter delivery pincode']"}
  (Session info: chrome=89.0.4389.90)
For documentation on this error, please visit: https://www.seleniumhq.org/exceptions/no_such_element.html
Build info: version: '3.141.59', revision: 'e82be7d358', time: '2018-11-14T08:17:03'
System info: host: 'KNPC13', ip: '192.168.42.206', os.name: 'Windows 10', os.arch: 'amd64', os.version: '10.0', java.version: '15.0.2'
Driver info: org.openqa.selenium.chrome.ChromeDriver
Capabilities {acceptInsecureCerts: false, browserName: chrome, browserVersion: 89.0.4389.90, chrome: {chromedriverVersion: 88.0.4324.96 (68dba2d8a0b14..., userDataDir: C:\Users\WFH\AppData\Local\...}, goog:chromeOptions: {debuggerAddress: localhost:59080}, javascriptEnabled: true, networkConnectionEnabled: false, pageLoadStrategy: normal, platform: WINDOWS, platformName: WINDOWS, proxy: Proxy(), setWindowRect: true, strictFileInteractability: false, timeouts: {implicit: 0, pageLoad: 300000, script: 30000}, unhandledPromptBehavior: dismiss and notify, webauthn:extension:largeBlob: true, webauthn:virtualAuthenticators: true}
Session ID: 97c3d78c6ace653b8b9d7694af797630
*** Element info: {Using=xpath, value=//input[@placeholder='Enter delivery pincode']}
at org.openqa.selenium.remote.http.W3CHttpResponseCodec.createException(W3CHttpResponseCodec.java:187)
at org.openqa.selenium.remote.http.W3CHttpResponseCodec.decode(W3CHttpResponseCodec.java:122)
at org.openqa.selenium.remote.http.W3CHttpResponseCodec.decode(W3CHttpResponseCodec.java:49)
at org.openqa.selenium.remote.HttpCommandExecutor.execute(HttpCommandExecutor.java:158)
at org.openqa.selenium.remote.service.DriverCommandExecutor.execute(DriverCommandExecutor.java:83)
at org.openqa.selenium.remote.RemoteWebDriver.execute(RemoteWebDriver.java:552)
at org.openqa.selenium.remote.RemoteWebDriver.findElement(RemoteWebDriver.java:323)
at org.openqa.selenium.remote.RemoteWebDriver.findElementByXPath(RemoteWebDriver.java:428)
at org.openqa.selenium.By$ByXPath.findElement(By.java:353)
at org.openqa.selenium.remote.RemoteWebDriver.findElement(RemoteWebDriver.java:315)
at org.openqa.selenium.support.pagefactory.DefaultElementLocator.findElement(DefaultElementLocator.java:69)
at org.openqa.selenium.support.pagefactory.internal.LocatingElementHandler.invoke(LocatingElementHandler.java:38)
at com.sun.proxy.$Proxy13.clear(Unknown Source)
at com.flipkart.pages.MyCartPage.enterPincode(MyCartPage.java:47)
at com.flipkart.testcases.MyCartTest.VerifyPincode(MyCartTest.java:25)
... Removed 30 stack frames]]>
    </failure>
  </testcase> <!-- VerifyPincode -->
</testsuite> <!-- Flipkart Automation Test Cases -->
